2020-09-09 06:13:57,520 INFO [Test worker] o.s.b.t.c.SpringBootTestContextBootstrapper [AbstractTestContextBootstrapper.java:308] Neither @ContextConfiguration nor @ContextHierarchy found for test class [org.dell.kube.pagesapi.HomeApiTest], using SpringBootContextLoader
2020-09-09 06:13:57,531 INFO [Test worker] o.s.t.c.s.AbstractContextLoader [AbstractContextLoader.java:264] Could not detect default resource locations for test class [org.dell.kube.pagesapi.HomeApiTest]: no resource found for suffixes {-context.xml, Context.groovy}.
2020-09-09 06:13:57,729 INFO [Test worker] o.s.b.t.c.SpringBootTestContextBootstrapper [AbstractTestContextBootstrapper.java:248] Loaded default TestExecutionListener class names from location [META-INF/spring.factories]: [org.springframework.boot.test.autoconfigure.restdocs.RestDocsTestExecutionListener, org.springframework.boot.test.autoconfigure.web.client.MockRestServiceServerResetTestExecutionListener, org.springframework.boot.test.autoconfigure.web.servlet.MockMvcPrintOnlyOnFailureTestExecutionListener, org.springframework.boot.test.autoconfigure.web.servlet.WebDriverTestExecutionListener, org.springframework.boot.test.autoconfigure.webservices.client.MockWebServiceServerTestExecutionListener, org.springframework.boot.test.mock.mockito.MockitoTestExecutionListener, org.springframework.boot.test.mock.mockito.ResetMocksTestExecutionListener, org.springframework.test.context.web.ServletTestExecutionListener, org.springframework.test.context.support.DirtiesContextBeforeModesTestExecutionListener, org.springframework.test.context.support.DependencyInjectionTestExecutionListener, org.springframework.test.context.support.DirtiesContextTestExecutionListener, org.springframework.test.context.transaction.TransactionalTestExecutionListener, org.springframework.test.context.jdbc.SqlScriptsTestExecutionListener, org.springframework.test.context.event.EventPublishingTestExecutionListener]
2020-09-09 06:13:57,747 INFO [Test worker] o.s.b.t.c.SpringBootTestContextBootstrapper [AbstractTestContextBootstrapper.java:177] Using TestExecutionListeners: [org.springframework.test.context.web.ServletTestExecutionListener@3bbe9e42, org.springframework.test.context.support.DirtiesContextBeforeModesTestExecutionListener@9f5d7a, org.springframework.boot.test.mock.mockito.MockitoTestExecutionListener@6bdbc6a5, org.springframework.boot.test.autoconfigure.SpringBootDependencyInjectionTestExecutionListener@7eaea9d9, org.springframework.test.context.support.DirtiesContextTestExecutionListener@312d64c0, org.springframework.test.context.transaction.TransactionalTestExecutionListener@4b238b12, org.springframework.test.context.jdbc.SqlScriptsTestExecutionListener@7e78923d, org.springframework.test.context.event.EventPublishingTestExecutionListener@75931c4a, org.springframework.boot.test.autoconfigure.restdocs.RestDocsTestExecutionListener@2f427d5c, org.springframework.boot.test.autoconfigure.web.client.MockRestServiceServerResetTestExecutionListener@78ee08bd, org.springframework.boot.test.autoconfigure.web.servlet.MockMvcPrintOnlyOnFailureTestExecutionListener@42bd94e7, org.springframework.boot.test.autoconfigure.web.servlet.WebDriverTestExecutionListener@2f21b1b6, org.springframework.boot.test.autoconfigure.webservices.client.MockWebServiceServerTestExecutionListener@13358193, org.springframework.boot.test.mock.mockito.ResetMocksTestExecutionListener@1b96d8a8]
2020-09-09 06:13:58,233 INFO [Test worker] o.d.k.p.HomeApiTest [StartupInfoLogger.java:55] Starting HomeApiTest on lin01 with PID 9502 (started by student in /home/student/workspace/pages)
2020-09-09 06:13:58,238 INFO [Test worker] o.d.k.p.HomeApiTest [SpringApplication.java:651] No active profile set, falling back to default profiles: default
2020-09-09 06:14:00,395 INFO [Test worker] o.s.b.w.e.t.TomcatWebServer [TomcatWebServer.java:108] Tomcat initialized with port(s): 0 (http)
2020-09-09 06:14:00,410 INFO [Test worker] o.a.c.h.Http11NioProtocol [DirectJDKLog.java:173] Initializing ProtocolHandler ["http-nio-auto-1"]
2020-09-09 06:14:00,412 INFO [Test worker] o.a.c.c.StandardService [DirectJDKLog.java:173] Starting service [Tomcat]
2020-09-09 06:14:00,412 INFO [Test worker] o.a.c.c.StandardEngine [DirectJDKLog.java:173] Starting Servlet engine: [Apache Tomcat/9.0.36]
2020-09-09 06:14:00,527 INFO [Test worker] o.a.c.c.C.[.[.[/] [DirectJDKLog.java:173] Initializing Spring embedded WebApplicationContext
2020-09-09 06:14:00,528 INFO [Test worker] o.s.b.w.s.c.ServletWebServerApplicationContext [ServletWebServerApplicationContext.java:285] Root WebApplicationContext: initialization completed in 2261 ms
2020-09-09 06:14:01,206 INFO [Test worker] o.s.s.c.ThreadPoolTaskExecutor [ExecutorConfigurationSupport.java:181] Initializing ExecutorService 'applicationTaskExecutor'
2020-09-09 06:14:01,882 INFO [Test worker] o.s.b.a.e.w.EndpointLinksResolver [EndpointLinksResolver.java:58] Exposing 2 endpoint(s) beneath base path '/actuator'
2020-09-09 06:14:01,950 INFO [Test worker] o.a.c.h.Http11NioProtocol [DirectJDKLog.java:173] Starting ProtocolHandler ["http-nio-auto-1"]
2020-09-09 06:14:01,992 INFO [Test worker] o.s.b.w.e.t.TomcatWebServer [TomcatWebServer.java:220] Tomcat started on port(s): 38107 (http) with context path ''
2020-09-09 06:14:02,015 INFO [Test worker] o.d.k.p.HomeApiTest [StartupInfoLogger.java:61] Started HomeApiTest in 4.224 seconds (JVM running for 5.674)
2020-09-09 06:14:02,489 INFO [http-nio-auto-1-exec-1] o.a.c.c.C.[.[.[/] [DirectJDKLog.java:173] Initializing Spring DispatcherServlet 'dispatcherServlet'
2020-09-09 06:14:02,491 INFO [http-nio-auto-1-exec-1] o.s.w.s.DispatcherServlet [FrameworkServlet.java:525] Initializing Servlet 'dispatcherServlet'
2020-09-09 06:14:02,509 INFO [http-nio-auto-1-exec-1] o.s.w.s.DispatcherServlet [FrameworkServlet.java:547] Completed initialization in 17 ms
2020-09-09 06:14:02,661 INFO [http-nio-auto-1-exec-2] c.z.h.HikariDataSource [HikariDataSource.java:110] HikariPool-1 - Starting...
2020-09-09 06:14:02,846 INFO [http-nio-auto-1-exec-2] c.z.h.HikariDataSource [HikariDataSource.java:123] HikariPool-1 - Start completed.
2020-09-09 06:14:02,972 INFO [Test worker] o.s.b.t.c.SpringBootTestContextBootstrapper [AbstractTestContextBootstrapper.java:308] Neither @ContextConfiguration nor @ContextHierarchy found for test class [org.dell.kube.pagesapi.PageApiTest], using SpringBootContextLoader
2020-09-09 06:14:02,974 INFO [Test worker] o.s.t.c.s.AbstractContextLoader [AbstractContextLoader.java:264] Could not detect default resource locations for test class [org.dell.kube.pagesapi.PageApiTest]: no resource found for suffixes {-context.xml, Context.groovy}.
2020-09-09 06:14:02,981 INFO [Test worker] o.s.b.t.c.SpringBootTestContextBootstrapper [AbstractTestContextBootstrapper.java:248] Loaded default TestExecutionListener class names from location [META-INF/spring.factories]: [org.springframework.boot.test.autoconfigure.restdocs.RestDocsTestExecutionListener, org.springframework.boot.test.autoconfigure.web.client.MockRestServiceServerResetTestExecutionListener, org.springframework.boot.test.autoconfigure.web.servlet.MockMvcPrintOnlyOnFailureTestExecutionListener, org.springframework.boot.test.autoconfigure.web.servlet.WebDriverTestExecutionListener, org.springframework.boot.test.autoconfigure.webservices.client.MockWebServiceServerTestExecutionListener, org.springframework.boot.test.mock.mockito.MockitoTestExecutionListener, org.springframework.boot.test.mock.mockito.ResetMocksTestExecutionListener, org.springframework.test.context.web.ServletTestExecutionListener, org.springframework.test.context.support.DirtiesContextBeforeModesTestExecutionListener, org.springframework.test.context.support.DependencyInjectionTestExecutionListener, org.springframework.test.context.support.DirtiesContextTestExecutionListener, org.springframework.test.context.transaction.TransactionalTestExecutionListener, org.springframework.test.context.jdbc.SqlScriptsTestExecutionListener, org.springframework.test.context.event.EventPublishingTestExecutionListener]
2020-09-09 06:14:02,982 INFO [Test worker] o.s.b.t.c.SpringBootTestContextBootstrapper [AbstractTestContextBootstrapper.java:177] Using TestExecutionListeners: [org.springframework.test.context.web.ServletTestExecutionListener@112f04ff, org.springframework.test.context.support.DirtiesContextBeforeModesTestExecutionListener@71cc0f46, org.springframework.boot.test.mock.mockito.MockitoTestExecutionListener@18067c07, org.springframework.boot.test.autoconfigure.SpringBootDependencyInjectionTestExecutionListener@1f352f6e, org.springframework.test.context.support.DirtiesContextTestExecutionListener@76d4d88b, org.springframework.test.context.transaction.TransactionalTestExecutionListener@67734f28, org.springframework.test.context.jdbc.SqlScriptsTestExecutionListener@4c3ef185, org.springframework.test.context.event.EventPublishingTestExecutionListener@7ac6e933, org.springframework.boot.test.autoconfigure.restdocs.RestDocsTestExecutionListener@2a866660, org.springframework.boot.test.autoconfigure.web.client.MockRestServiceServerResetTestExecutionListener@57f17617, org.springframework.boot.test.autoconfigure.web.servlet.MockMvcPrintOnlyOnFailureTestExecutionListener@6cf807b5, org.springframework.boot.test.autoconfigure.web.servlet.WebDriverTestExecutionListener@21baf468, org.springframework.boot.test.autoconfigure.webservices.client.MockWebServiceServerTestExecutionListener@38963359, org.springframework.boot.test.mock.mockito.ResetMocksTestExecutionListener@648bbb92]
2020-09-09 06:14:03,223 INFO [http-nio-auto-1-exec-4] o.d.k.p.PageController [PageController.java:22] Fetch-INFO:Fetching page with id = 
2020-09-09 06:14:03,239 INFO [http-nio-auto-1-exec-5] o.d.k.p.PageController [PageController.java:45] Listed the values 1
2020-09-09 06:14:03,367 INFO [http-nio-auto-1-exec-3] o.d.k.p.PageController [PageController.java:22] Fetch-INFO:Fetching page with id = 
2020-09-09 06:14:03,383 INFO [http-nio-auto-1-exec-6] o.d.k.p.PageController [PageController.java:30] READ-INFO:Fetching page with id = 1
2020-09-09 06:14:03,442 INFO [http-nio-auto-1-exec-7] o.d.k.p.PageController [PageController.java:22] Fetch-INFO:Fetching page with id = 
2020-09-09 06:14:03,503 INFO [http-nio-auto-1-exec-8] o.d.k.p.PageController [PageController.java:22] Fetch-INFO:Fetching page with id = 
2020-09-09 06:14:03,519 INFO [http-nio-auto-1-exec-9] o.d.k.p.PageController [PageController.java:61] Deleting page with id = 1
2020-09-09 06:14:03,525 INFO [http-nio-auto-1-exec-10] o.d.k.p.PageController [PageController.java:30] READ-INFO:Fetching page with id = 1
2020-09-09 06:14:03,527 ERROR [http-nio-auto-1-exec-10] o.d.k.p.PageController [PageController.java:37] READ-ERROR:Could not find page with id = 1
2020-09-09 06:14:03,583 INFO [http-nio-auto-1-exec-1] o.d.k.p.PageController [PageController.java:22] Fetch-INFO:Fetching page with id = 
2020-09-09 06:14:03,609 INFO [Test worker] o.s.b.t.c.SpringBootTestContextBootstrapper [AbstractTestContextBootstrapper.java:308] Neither @ContextConfiguration nor @ContextHierarchy found for test class [org.dell.kube.pages.MySqlPageRepositoryTest], using SpringBootContextLoader
2020-09-09 06:14:03,611 INFO [Test worker] o.s.t.c.s.AbstractContextLoader [AbstractContextLoader.java:264] Could not detect default resource locations for test class [org.dell.kube.pages.MySqlPageRepositoryTest]: no resource found for suffixes {-context.xml, Context.groovy}.
2020-09-09 06:14:03,613 INFO [Test worker] o.s.t.c.s.AnnotationConfigContextLoaderUtils [AnnotationConfigContextLoaderUtils.java:83] Could not detect default configuration classes for test class [org.dell.kube.pages.MySqlPageRepositoryTest]: MySqlPageRepositoryTest does not declare any static, non-private, non-final, nested classes annotated with @Configuration.
2020-09-09 06:14:03,625 INFO [Test worker] o.s.b.t.c.SpringBootTestContextBootstrapper [SpringBootTestContextBootstrapper.java:237] Found @SpringBootConfiguration org.dell.kube.pages.PageApplication for test class org.dell.kube.pages.MySqlPageRepositoryTest
2020-09-09 06:14:03,629 INFO [Test worker] o.s.b.t.c.SpringBootTestContextBootstrapper [AbstractTestContextBootstrapper.java:248] Loaded default TestExecutionListener class names from location [META-INF/spring.factories]: [org.springframework.boot.test.autoconfigure.restdocs.RestDocsTestExecutionListener, org.springframework.boot.test.autoconfigure.web.client.MockRestServiceServerResetTestExecutionListener, org.springframework.boot.test.autoconfigure.web.servlet.MockMvcPrintOnlyOnFailureTestExecutionListener, org.springframework.boot.test.autoconfigure.web.servlet.WebDriverTestExecutionListener, org.springframework.boot.test.autoconfigure.webservices.client.MockWebServiceServerTestExecutionListener, org.springframework.boot.test.mock.mockito.MockitoTestExecutionListener, org.springframework.boot.test.mock.mockito.ResetMocksTestExecutionListener, org.springframework.test.context.web.ServletTestExecutionListener, org.springframework.test.context.support.DirtiesContextBeforeModesTestExecutionListener, org.springframework.test.context.support.DependencyInjectionTestExecutionListener, org.springframework.test.context.support.DirtiesContextTestExecutionListener, org.springframework.test.context.transaction.TransactionalTestExecutionListener, org.springframework.test.context.jdbc.SqlScriptsTestExecutionListener, org.springframework.test.context.event.EventPublishingTestExecutionListener]
2020-09-09 06:14:03,631 INFO [Test worker] o.s.b.t.c.SpringBootTestContextBootstrapper [AbstractTestContextBootstrapper.java:177] Using TestExecutionListeners: [org.springframework.test.context.web.ServletTestExecutionListener@565a29f1, org.springframework.test.context.support.DirtiesContextBeforeModesTestExecutionListener@5abf7ae, org.springframework.boot.test.mock.mockito.MockitoTestExecutionListener@145a592, org.springframework.boot.test.autoconfigure.SpringBootDependencyInjectionTestExecutionListener@6de56503, org.springframework.test.context.support.DirtiesContextTestExecutionListener@6a77ccef, org.springframework.test.context.transaction.TransactionalTestExecutionListener@30bb5088, org.springframework.test.context.jdbc.SqlScriptsTestExecutionListener@1c7e1a38, org.springframework.test.context.event.EventPublishingTestExecutionListener@5a75a9c9, org.springframework.boot.test.autoconfigure.restdocs.RestDocsTestExecutionListener@eb116dc, org.springframework.boot.test.autoconfigure.web.client.MockRestServiceServerResetTestExecutionListener@64e43892, org.springframework.boot.test.autoconfigure.web.servlet.MockMvcPrintOnlyOnFailureTestExecutionListener@8a741ec, org.springframework.boot.test.autoconfigure.web.servlet.WebDriverTestExecutionListener@7feb8ad0, org.springframework.boot.test.autoconfigure.webservices.client.MockWebServiceServerTestExecutionListener@796a6407, org.springframework.boot.test.mock.mockito.ResetMocksTestExecutionListener@3c0fe310]
2020-09-09 06:14:03,679 INFO [Test worker] o.d.k.p.MySqlPageRepositoryTest [StartupInfoLogger.java:55] Starting MySqlPageRepositoryTest on lin01 with PID 9502 (started by student in /home/student/workspace/pages)
2020-09-09 06:14:03,680 INFO [Test worker] o.d.k.p.MySqlPageRepositoryTest [SpringApplication.java:651] No active profile set, falling back to default profiles: default
2020-09-09 06:14:04,651 INFO [Test worker] o.s.s.c.ThreadPoolTaskExecutor [ExecutorConfigurationSupport.java:181] Initializing ExecutorService 'applicationTaskExecutor'
2020-09-09 06:14:04,931 INFO [Test worker] o.s.b.a.e.w.EndpointLinksResolver [EndpointLinksResolver.java:58] Exposing 2 endpoint(s) beneath base path '/actuator'
2020-09-09 06:14:04,970 INFO [Test worker] o.d.k.p.MySqlPageRepositoryTest [StartupInfoLogger.java:61] Started MySqlPageRepositoryTest in 1.33 seconds (JVM running for 8.629)
2020-09-09 06:14:04,981 INFO [Test worker] c.z.h.HikariDataSource [HikariDataSource.java:110] HikariPool-2 - Starting...
2020-09-09 06:14:04,988 INFO [Test worker] c.z.h.HikariDataSource [HikariDataSource.java:123] HikariPool-2 - Start completed.
2020-09-09 06:14:05,333 INFO [Test worker] o.d.k.p.PageController [PageController.java:45] Listed the values 2
2020-09-09 06:14:05,349 INFO [Test worker] o.d.k.p.PageController [PageController.java:30] READ-INFO:Fetching page with id = 1
2020-09-09 06:14:05,352 INFO [Test worker] o.d.k.p.PageController [PageController.java:30] READ-INFO:Fetching page with id = 1
2020-09-09 06:14:05,352 ERROR [Test worker] o.d.k.p.PageController [PageController.java:37] READ-ERROR:Could not find page with id = 1
2020-09-09 06:14:05,361 INFO [Test worker] o.d.k.p.PageController [PageController.java:22] Fetch-INFO:Fetching page with id = 
2020-09-09 06:14:05,367 INFO [Test worker] o.d.k.p.PageController [PageController.java:61] Deleting page with id = 1
2020-09-09 06:14:05,408 INFO [SpringContextShutdownHook] o.s.s.c.ThreadPoolTaskExecutor [ExecutorConfigurationSupport.java:218] Shutting down ExecutorService 'applicationTaskExecutor'
2020-09-09 06:14:05,410 INFO [SpringContextShutdownHook] c.z.h.HikariDataSource [HikariDataSource.java:350] HikariPool-2 - Shutdown initiated...
2020-09-09 06:14:05,454 INFO [SpringContextShutdownHook] c.z.h.HikariDataSource [HikariDataSource.java:352] HikariPool-2 - Shutdown completed.
2020-09-09 06:14:05,456 INFO [SpringContextShutdownHook] o.s.s.c.ThreadPoolTaskExecutor [ExecutorConfigurationSupport.java:218] Shutting down ExecutorService 'applicationTaskExecutor'
2020-09-09 06:14:05,456 INFO [SpringContextShutdownHook] c.z.h.HikariDataSource [HikariDataSource.java:350] HikariPool-1 - Shutdown initiated...
2020-09-09 06:14:05,472 INFO [SpringContextShutdownHook] c.z.h.HikariDataSource [HikariDataSource.java:352] HikariPool-1 - Shutdown completed.
2020-09-09 06:14:14,742 INFO [main] o.d.k.p.PageApplication [StartupInfoLogger.java:55] Starting PageApplication on lin01 with PID 10186 (/home/student/workspace/pages/build/classes/java/main started by student in /home/student/workspace/pages)
2020-09-09 06:14:14,744 INFO [main] o.d.k.p.PageApplication [SpringApplication.java:651] No active profile set, falling back to default profiles: default
2020-09-09 06:14:16,000 INFO [main] o.s.b.w.e.t.TomcatWebServer [TomcatWebServer.java:108] Tomcat initialized with port(s): 8080 (http)
2020-09-09 06:14:16,014 INFO [main] o.a.c.h.Http11NioProtocol [DirectJDKLog.java:173] Initializing ProtocolHandler ["http-nio-8080"]
2020-09-09 06:14:16,015 INFO [main] o.a.c.c.StandardService [DirectJDKLog.java:173] Starting service [Tomcat]
2020-09-09 06:14:16,015 INFO [main] o.a.c.c.StandardEngine [DirectJDKLog.java:173] Starting Servlet engine: [Apache Tomcat/9.0.36]
2020-09-09 06:14:16,088 INFO [main] o.a.c.c.C.[.[.[/] [DirectJDKLog.java:173] Initializing Spring embedded WebApplicationContext
2020-09-09 06:14:16,089 INFO [main] o.s.b.w.s.c.ServletWebServerApplicationContext [ServletWebServerApplicationContext.java:285] Root WebApplicationContext: initialization completed in 1304 ms
2020-09-09 06:14:16,428 INFO [main] o.s.s.c.ThreadPoolTaskExecutor [ExecutorConfigurationSupport.java:181] Initializing ExecutorService 'applicationTaskExecutor'
2020-09-09 06:14:16,686 INFO [main] o.s.b.a.e.w.EndpointLinksResolver [EndpointLinksResolver.java:58] Exposing 2 endpoint(s) beneath base path '/actuator'
2020-09-09 06:14:16,716 INFO [main] o.a.c.h.Http11NioProtocol [DirectJDKLog.java:173] Starting ProtocolHandler ["http-nio-8080"]
2020-09-09 06:14:16,737 INFO [main] o.s.b.w.e.t.TomcatWebServer [TomcatWebServer.java:220] Tomcat started on port(s): 8080 (http) with context path ''
2020-09-09 06:14:16,762 INFO [main] o.d.k.p.PageApplication [StartupInfoLogger.java:61] Started PageApplication in 2.332 seconds (JVM running for 2.825)
2020-09-09 06:19:16,418 INFO [http-nio-8080-exec-1] o.a.c.c.C.[.[.[/] [DirectJDKLog.java:173] Initializing Spring DispatcherServlet 'dispatcherServlet'
2020-09-09 06:19:16,419 INFO [http-nio-8080-exec-1] o.s.w.s.DispatcherServlet [FrameworkServlet.java:525] Initializing Servlet 'dispatcherServlet'
2020-09-09 06:19:16,427 INFO [http-nio-8080-exec-1] o.s.w.s.DispatcherServlet [FrameworkServlet.java:547] Completed initialization in 7 ms
2020-09-09 06:19:16,469 INFO [http-nio-8080-exec-1] c.z.h.HikariDataSource [HikariDataSource.java:110] HikariPool-1 - Starting...
2020-09-09 06:19:16,587 INFO [http-nio-8080-exec-1] c.z.h.HikariDataSource [HikariDataSource.java:123] HikariPool-1 - Start completed.
2020-09-09 06:19:16,607 INFO [http-nio-8080-exec-1] o.d.k.p.PageController [PageController.java:45] Listed the values 1
2020-09-09 06:27:26,874 INFO [SpringContextShutdownHook] o.s.s.c.ThreadPoolTaskExecutor [ExecutorConfigurationSupport.java:218] Shutting down ExecutorService 'applicationTaskExecutor'
2020-09-09 06:27:26,875 INFO [SpringContextShutdownHook] c.z.h.HikariDataSource [HikariDataSource.java:350] HikariPool-1 - Shutdown initiated...
2020-09-09 06:27:26,885 INFO [SpringContextShutdownHook] c.z.h.HikariDataSource [HikariDataSource.java:352] HikariPool-1 - Shutdown completed.
2020-09-09 06:37:17,438 INFO [Test worker] o.s.b.t.c.SpringBootTestContextBootstrapper [AbstractTestContextBootstrapper.java:308] Neither @ContextConfiguration nor @ContextHierarchy found for test class [org.dell.kube.pagesapi.HomeApiTest], using SpringBootContextLoader
2020-09-09 06:37:17,448 INFO [Test worker] o.s.t.c.s.AbstractContextLoader [AbstractContextLoader.java:264] Could not detect default resource locations for test class [org.dell.kube.pagesapi.HomeApiTest]: no resource found for suffixes {-context.xml, Context.groovy}.
2020-09-09 06:37:17,637 INFO [Test worker] o.s.b.t.c.SpringBootTestContextBootstrapper [AbstractTestContextBootstrapper.java:248] Loaded default TestExecutionListener class names from location [META-INF/spring.factories]: [org.springframework.boot.test.autoconfigure.restdocs.RestDocsTestExecutionListener, org.springframework.boot.test.autoconfigure.web.client.MockRestServiceServerResetTestExecutionListener, org.springframework.boot.test.autoconfigure.web.servlet.MockMvcPrintOnlyOnFailureTestExecutionListener, org.springframework.boot.test.autoconfigure.web.servlet.WebDriverTestExecutionListener, org.springframework.boot.test.autoconfigure.webservices.client.MockWebServiceServerTestExecutionListener, org.springframework.boot.test.mock.mockito.MockitoTestExecutionListener, org.springframework.boot.test.mock.mockito.ResetMocksTestExecutionListener, org.springframework.test.context.web.ServletTestExecutionListener, org.springframework.test.context.support.DirtiesContextBeforeModesTestExecutionListener, org.springframework.test.context.support.DependencyInjectionTestExecutionListener, org.springframework.test.context.support.DirtiesContextTestExecutionListener, org.springframework.test.context.transaction.TransactionalTestExecutionListener, org.springframework.test.context.jdbc.SqlScriptsTestExecutionListener, org.springframework.test.context.event.EventPublishingTestExecutionListener]
2020-09-09 06:37:17,653 INFO [Test worker] o.s.b.t.c.SpringBootTestContextBootstrapper [AbstractTestContextBootstrapper.java:177] Using TestExecutionListeners: [org.springframework.test.context.web.ServletTestExecutionListener@73c88181, org.springframework.test.context.support.DirtiesContextBeforeModesTestExecutionListener@3e163ee6, org.springframework.boot.test.mock.mockito.MockitoTestExecutionListener@51951b9f, org.springframework.boot.test.autoconfigure.SpringBootDependencyInjectionTestExecutionListener@aee3c95, org.springframework.test.context.support.DirtiesContextTestExecutionListener@3d1d60c0, org.springframework.test.context.transaction.TransactionalTestExecutionListener@3273988b, org.springframework.test.context.jdbc.SqlScriptsTestExecutionListener@4bc334b9, org.springframework.test.context.event.EventPublishingTestExecutionListener@3032b3c0, org.springframework.boot.test.autoconfigure.restdocs.RestDocsTestExecutionListener@667fce66, org.springframework.boot.test.autoconfigure.web.client.MockRestServiceServerResetTestExecutionListener@4866b5e2, org.springframework.boot.test.autoconfigure.web.servlet.MockMvcPrintOnlyOnFailureTestExecutionListener@1ad236ab, org.springframework.boot.test.autoconfigure.web.servlet.WebDriverTestExecutionListener@3fdb2a82, org.springframework.boot.test.autoconfigure.webservices.client.MockWebServiceServerTestExecutionListener@274fcfe1, org.springframework.boot.test.mock.mockito.ResetMocksTestExecutionListener@5a7ba74f]
2020-09-09 06:37:18,062 INFO [Test worker] o.d.k.p.HomeApiTest [StartupInfoLogger.java:55] Starting HomeApiTest on lin01 with PID 11539 (started by student in /home/student/workspace/pages)
2020-09-09 06:37:18,069 INFO [Test worker] o.d.k.p.HomeApiTest [SpringApplication.java:651] No active profile set, falling back to default profiles: default
2020-09-09 06:37:19,893 INFO [Test worker] o.s.b.w.e.t.TomcatWebServer [TomcatWebServer.java:108] Tomcat initialized with port(s): 0 (http)
2020-09-09 06:37:19,906 INFO [Test worker] o.a.c.h.Http11NioProtocol [DirectJDKLog.java:173] Initializing ProtocolHandler ["http-nio-auto-1"]
2020-09-09 06:37:19,907 INFO [Test worker] o.a.c.c.StandardService [DirectJDKLog.java:173] Starting service [Tomcat]
2020-09-09 06:37:19,908 INFO [Test worker] o.a.c.c.StandardEngine [DirectJDKLog.java:173] Starting Servlet engine: [Apache Tomcat/9.0.36]
2020-09-09 06:37:20,022 INFO [Test worker] o.a.c.c.C.[.[.[/] [DirectJDKLog.java:173] Initializing Spring embedded WebApplicationContext
2020-09-09 06:37:20,023 INFO [Test worker] o.s.b.w.s.c.ServletWebServerApplicationContext [ServletWebServerApplicationContext.java:285] Root WebApplicationContext: initialization completed in 1929 ms
2020-09-09 06:37:20,711 INFO [Test worker] o.s.s.c.ThreadPoolTaskExecutor [ExecutorConfigurationSupport.java:181] Initializing ExecutorService 'applicationTaskExecutor'
2020-09-09 06:37:21,279 INFO [Test worker] o.s.b.a.e.w.EndpointLinksResolver [EndpointLinksResolver.java:58] Exposing 2 endpoint(s) beneath base path '/actuator'
2020-09-09 06:37:21,344 INFO [Test worker] o.a.c.h.Http11NioProtocol [DirectJDKLog.java:173] Starting ProtocolHandler ["http-nio-auto-1"]
2020-09-09 06:37:21,386 INFO [Test worker] o.s.b.w.e.t.TomcatWebServer [TomcatWebServer.java:220] Tomcat started on port(s): 33165 (http) with context path ''
2020-09-09 06:37:21,406 INFO [Test worker] o.d.k.p.HomeApiTest [StartupInfoLogger.java:61] Started HomeApiTest in 3.717 seconds (JVM running for 5.09)
2020-09-09 06:37:21,878 INFO [http-nio-auto-1-exec-1] o.a.c.c.C.[.[.[/] [DirectJDKLog.java:173] Initializing Spring DispatcherServlet 'dispatcherServlet'
2020-09-09 06:37:21,880 INFO [http-nio-auto-1-exec-1] o.s.w.s.DispatcherServlet [FrameworkServlet.java:525] Initializing Servlet 'dispatcherServlet'
2020-09-09 06:37:21,899 INFO [http-nio-auto-1-exec-1] o.s.w.s.DispatcherServlet [FrameworkServlet.java:547] Completed initialization in 18 ms
2020-09-09 06:37:22,048 INFO [http-nio-auto-1-exec-2] c.z.h.HikariDataSource [HikariDataSource.java:110] HikariPool-1 - Starting...
2020-09-09 06:37:22,230 INFO [http-nio-auto-1-exec-2] c.z.h.HikariDataSource [HikariDataSource.java:123] HikariPool-1 - Start completed.
2020-09-09 06:37:22,325 INFO [Test worker] o.s.b.t.c.SpringBootTestContextBootstrapper [AbstractTestContextBootstrapper.java:308] Neither @ContextConfiguration nor @ContextHierarchy found for test class [org.dell.kube.pagesapi.PageApiTest], using SpringBootContextLoader
2020-09-09 06:37:22,327 INFO [Test worker] o.s.t.c.s.AbstractContextLoader [AbstractContextLoader.java:264] Could not detect default resource locations for test class [org.dell.kube.pagesapi.PageApiTest]: no resource found for suffixes {-context.xml, Context.groovy}.
2020-09-09 06:37:22,330 INFO [Test worker] o.s.b.t.c.SpringBootTestContextBootstrapper [AbstractTestContextBootstrapper.java:248] Loaded default TestExecutionListener class names from location [META-INF/spring.factories]: [org.springframework.boot.test.autoconfigure.restdocs.RestDocsTestExecutionListener, org.springframework.boot.test.autoconfigure.web.client.MockRestServiceServerResetTestExecutionListener, org.springframework.boot.test.autoconfigure.web.servlet.MockMvcPrintOnlyOnFailureTestExecutionListener, org.springframework.boot.test.autoconfigure.web.servlet.WebDriverTestExecutionListener, org.springframework.boot.test.autoconfigure.webservices.client.MockWebServiceServerTestExecutionListener, org.springframework.boot.test.mock.mockito.MockitoTestExecutionListener, org.springframework.boot.test.mock.mockito.ResetMocksTestExecutionListener, org.springframework.test.context.web.ServletTestExecutionListener, org.springframework.test.context.support.DirtiesContextBeforeModesTestExecutionListener, org.springframework.test.context.support.DependencyInjectionTestExecutionListener, org.springframework.test.context.support.DirtiesContextTestExecutionListener, org.springframework.test.context.transaction.TransactionalTestExecutionListener, org.springframework.test.context.jdbc.SqlScriptsTestExecutionListener, org.springframework.test.context.event.EventPublishingTestExecutionListener]
2020-09-09 06:37:22,330 INFO [Test worker] o.s.b.t.c.SpringBootTestContextBootstrapper [AbstractTestContextBootstrapper.java:177] Using TestExecutionListeners: [org.springframework.test.context.web.ServletTestExecutionListener@49f680f0, org.springframework.test.context.support.DirtiesContextBeforeModesTestExecutionListener@6afcb043, org.springframework.boot.test.mock.mockito.MockitoTestExecutionListener@58eb3c4, org.springframework.boot.test.autoconfigure.SpringBootDependencyInjectionTestExecutionListener@af45a3e, org.springframework.test.context.support.DirtiesContextTestExecutionListener@77f8ba90, org.springframework.test.context.transaction.TransactionalTestExecutionListener@78896284, org.springframework.test.context.jdbc.SqlScriptsTestExecutionListener@869eec2, org.springframework.test.context.event.EventPublishingTestExecutionListener@2064705b, org.springframework.boot.test.autoconfigure.restdocs.RestDocsTestExecutionListener@12fa72fd, org.springframework.boot.test.autoconfigure.web.client.MockRestServiceServerResetTestExecutionListener@2154af64, org.springframework.boot.test.autoconfigure.web.servlet.MockMvcPrintOnlyOnFailureTestExecutionListener@668c4a72, org.springframework.boot.test.autoconfigure.web.servlet.WebDriverTestExecutionListener@65e91850, org.springframework.boot.test.autoconfigure.webservices.client.MockWebServiceServerTestExecutionListener@2445e38a, org.springframework.boot.test.mock.mockito.ResetMocksTestExecutionListener@20ee57e9]
2020-09-09 06:37:22,517 INFO [http-nio-auto-1-exec-3] o.d.k.p.PageController [PageController.java:22] Fetch-INFO:Fetching page with id = 
2020-09-09 06:37:22,529 INFO [http-nio-auto-1-exec-4] o.d.k.p.PageController [PageController.java:45] Listed the values 1
2020-09-09 06:37:22,622 INFO [http-nio-auto-1-exec-5] o.d.k.p.PageController [PageController.java:22] Fetch-INFO:Fetching page with id = 
2020-09-09 06:37:22,633 INFO [http-nio-auto-1-exec-6] o.d.k.p.PageController [PageController.java:30] READ-INFO:Fetching page with id = 1
2020-09-09 06:37:22,685 INFO [http-nio-auto-1-exec-7] o.d.k.p.PageController [PageController.java:22] Fetch-INFO:Fetching page with id = 
2020-09-09 06:37:22,739 INFO [http-nio-auto-1-exec-8] o.d.k.p.PageController [PageController.java:22] Fetch-INFO:Fetching page with id = 
2020-09-09 06:37:22,753 INFO [http-nio-auto-1-exec-9] o.d.k.p.PageController [PageController.java:61] Deleting page with id = 1
2020-09-09 06:37:22,763 INFO [http-nio-auto-1-exec-10] o.d.k.p.PageController [PageController.java:30] READ-INFO:Fetching page with id = 1
2020-09-09 06:37:22,765 ERROR [http-nio-auto-1-exec-10] o.d.k.p.PageController [PageController.java:37] READ-ERROR:Could not find page with id = 1
2020-09-09 06:37:22,816 INFO [http-nio-auto-1-exec-1] o.d.k.p.PageController [PageController.java:22] Fetch-INFO:Fetching page with id = 
2020-09-09 06:37:22,834 INFO [Test worker] o.s.b.t.c.SpringBootTestContextBootstrapper [AbstractTestContextBootstrapper.java:308] Neither @ContextConfiguration nor @ContextHierarchy found for test class [org.dell.kube.pages.MySqlPageRepositoryTest], using SpringBootContextLoader
2020-09-09 06:37:22,836 INFO [Test worker] o.s.t.c.s.AbstractContextLoader [AbstractContextLoader.java:264] Could not detect default resource locations for test class [org.dell.kube.pages.MySqlPageRepositoryTest]: no resource found for suffixes {-context.xml, Context.groovy}.
2020-09-09 06:37:22,837 INFO [Test worker] o.s.t.c.s.AnnotationConfigContextLoaderUtils [AnnotationConfigContextLoaderUtils.java:83] Could not detect default configuration classes for test class [org.dell.kube.pages.MySqlPageRepositoryTest]: MySqlPageRepositoryTest does not declare any static, non-private, non-final, nested classes annotated with @Configuration.
2020-09-09 06:37:22,848 INFO [Test worker] o.s.b.t.c.SpringBootTestContextBootstrapper [SpringBootTestContextBootstrapper.java:237] Found @SpringBootConfiguration org.dell.kube.pages.PageApplication for test class org.dell.kube.pages.MySqlPageRepositoryTest
2020-09-09 06:37:22,851 INFO [Test worker] o.s.b.t.c.SpringBootTestContextBootstrapper [AbstractTestContextBootstrapper.java:248] Loaded default TestExecutionListener class names from location [META-INF/spring.factories]: [org.springframework.boot.test.autoconfigure.restdocs.RestDocsTestExecutionListener, org.springframework.boot.test.autoconfigure.web.client.MockRestServiceServerResetTestExecutionListener, org.springframework.boot.test.autoconfigure.web.servlet.MockMvcPrintOnlyOnFailureTestExecutionListener, org.springframework.boot.test.autoconfigure.web.servlet.WebDriverTestExecutionListener, org.springframework.boot.test.autoconfigure.webservices.client.MockWebServiceServerTestExecutionListener, org.springframework.boot.test.mock.mockito.MockitoTestExecutionListener, org.springframework.boot.test.mock.mockito.ResetMocksTestExecutionListener, org.springframework.test.context.web.ServletTestExecutionListener, org.springframework.test.context.support.DirtiesContextBeforeModesTestExecutionListener, org.springframework.test.context.support.DependencyInjectionTestExecutionListener, org.springframework.test.context.support.DirtiesContextTestExecutionListener, org.springframework.test.context.transaction.TransactionalTestExecutionListener, org.springframework.test.context.jdbc.SqlScriptsTestExecutionListener, org.springframework.test.context.event.EventPublishingTestExecutionListener]
2020-09-09 06:37:22,851 INFO [Test worker] o.s.b.t.c.SpringBootTestContextBootstrapper [AbstractTestContextBootstrapper.java:177] Using TestExecutionListeners: [org.springframework.test.context.web.ServletTestExecutionListener@1531c907, org.springframework.test.context.support.DirtiesContextBeforeModesTestExecutionListener@6694386a, org.springframework.boot.test.mock.mockito.MockitoTestExecutionListener@9ed23cd, org.springframework.boot.test.autoconfigure.SpringBootDependencyInjectionTestExecutionListener@7c921268, org.springframework.test.context.support.DirtiesContextTestExecutionListener@6770850c, org.springframework.test.context.transaction.TransactionalTestExecutionListener@20e0b6e0, org.springframework.test.context.jdbc.SqlScriptsTestExecutionListener@40f31a7a, org.springframework.test.context.event.EventPublishingTestExecutionListener@2c9e415e, org.springframework.boot.test.autoconfigure.restdocs.RestDocsTestExecutionListener@4f25f924, org.springframework.boot.test.autoconfigure.web.client.MockRestServiceServerResetTestExecutionListener@6ad70196, org.springframework.boot.test.autoconfigure.web.servlet.MockMvcPrintOnlyOnFailureTestExecutionListener@322fe67c, org.springframework.boot.test.autoconfigure.web.servlet.WebDriverTestExecutionListener@6c65d5d6, org.springframework.boot.test.autoconfigure.webservices.client.MockWebServiceServerTestExecutionListener@c69eda7, org.springframework.boot.test.mock.mockito.ResetMocksTestExecutionListener@5e60960d]
2020-09-09 06:37:22,897 INFO [Test worker] o.d.k.p.MySqlPageRepositoryTest [StartupInfoLogger.java:55] Starting MySqlPageRepositoryTest on lin01 with PID 11539 (started by student in /home/student/workspace/pages)
2020-09-09 06:37:22,898 INFO [Test worker] o.d.k.p.MySqlPageRepositoryTest [SpringApplication.java:651] No active profile set, falling back to default profiles: default
2020-09-09 06:37:23,800 INFO [Test worker] o.s.s.c.ThreadPoolTaskExecutor [ExecutorConfigurationSupport.java:181] Initializing ExecutorService 'applicationTaskExecutor'
2020-09-09 06:37:24,110 INFO [Test worker] o.s.b.a.e.w.EndpointLinksResolver [EndpointLinksResolver.java:58] Exposing 2 endpoint(s) beneath base path '/actuator'
2020-09-09 06:37:24,156 INFO [Test worker] o.d.k.p.MySqlPageRepositoryTest [StartupInfoLogger.java:61] Started MySqlPageRepositoryTest in 1.298 seconds (JVM running for 7.839)
2020-09-09 06:37:24,171 INFO [Test worker] c.z.h.HikariDataSource [HikariDataSource.java:110] HikariPool-2 - Starting...
2020-09-09 06:37:24,180 INFO [Test worker] c.z.h.HikariDataSource [HikariDataSource.java:123] HikariPool-2 - Start completed.
2020-09-09 06:37:24,515 INFO [Test worker] o.d.k.p.PageController [PageController.java:45] Listed the values 2
2020-09-09 06:37:24,531 INFO [Test worker] o.d.k.p.PageController [PageController.java:30] READ-INFO:Fetching page with id = 1
2020-09-09 06:37:24,535 INFO [Test worker] o.d.k.p.PageController [PageController.java:30] READ-INFO:Fetching page with id = 1
2020-09-09 06:37:24,535 ERROR [Test worker] o.d.k.p.PageController [PageController.java:37] READ-ERROR:Could not find page with id = 1
2020-09-09 06:37:24,543 INFO [Test worker] o.d.k.p.PageController [PageController.java:22] Fetch-INFO:Fetching page with id = 
2020-09-09 06:37:24,550 INFO [Test worker] o.d.k.p.PageController [PageController.java:61] Deleting page with id = 1
2020-09-09 06:37:24,583 INFO [SpringContextShutdownHook] o.s.s.c.ThreadPoolTaskExecutor [ExecutorConfigurationSupport.java:218] Shutting down ExecutorService 'applicationTaskExecutor'
2020-09-09 06:37:24,592 INFO [SpringContextShutdownHook] c.z.h.HikariDataSource [HikariDataSource.java:350] HikariPool-2 - Shutdown initiated...
2020-09-09 06:37:24,650 INFO [SpringContextShutdownHook] c.z.h.HikariDataSource [HikariDataSource.java:352] HikariPool-2 - Shutdown completed.
2020-09-09 06:37:24,664 INFO [SpringContextShutdownHook] o.s.s.c.ThreadPoolTaskExecutor [ExecutorConfigurationSupport.java:218] Shutting down ExecutorService 'applicationTaskExecutor'
2020-09-09 06:37:24,665 INFO [SpringContextShutdownHook] c.z.h.HikariDataSource [HikariDataSource.java:350] HikariPool-1 - Shutdown initiated...
2020-09-09 06:37:24,674 INFO [SpringContextShutdownHook] c.z.h.HikariDataSource [HikariDataSource.java:352] HikariPool-1 - Shutdown completed.
